<?xml version="1.0" encoding="UTF-8"?>
<!-- Generated by org.testng.reporters.JUnitXMLReporter -->
<testsuite hostname="LAPTOP-JHCO5B84" ignored="4" name="Test_chrome" tests="5" failures="2" timestamp="2020-04-09T10:48:32 IST" time="59.311" errors="0">
  <testcase name="verifyVersion" time="5.17" classname="regressionTestScripts.VerifyActitimeVersion"/>
  <testcase name="verifyVersion" time="16.762" classname="regressionTestScripts.VerifyActitimeVersion"/>
  <testcase name="invalidLogin" time="5.781" classname="regressionTestScripts.InvalidLogin">
    <failure type="java.lang.AssertionError" message="null">
      <![CDATA[java.lang.AssertionError: null
at generic.Base_Page.verifyTitle(Base_Page.java:33)
at regressionTestScripts.InvalidLogin.invalidLogin(InvalidLogin.java:31)
at java.util.ArrayList.forEach(ArrayList.java:1234)
at java.util.concurrent.FutureTask.run(FutureTask.java:266)
at java.util.concurrent.ThreadPoolExecutor.runWorker(ThreadPoolExecutor.java:1142)
at java.util.concurrent.ThreadPoolExecutor$Worker.run(ThreadPoolExecutor.java:617)
at java.lang.Thread.run(Thread.java:744)
... Removed 22 stack frames]]>
    </failure>
  </testcase> <!-- invalidLogin -->
  <testcase name="invalidLogin" time="6.238" classname="regressionTestScripts.InvalidLogin">
    <failure type="java.lang.AssertionError" message="null">
      <![CDATA[java.lang.AssertionError: null
at generic.Base_Page.verifyTitle(Base_Page.java:33)
at regressionTestScripts.InvalidLogin.invalidLogin(InvalidLogin.java:31)
at java.util.ArrayList.forEach(ArrayList.java:1234)
at java.util.concurrent.FutureTask.run(FutureTask.java:266)
at java.util.concurrent.ThreadPoolExecutor.runWorker(ThreadPoolExecutor.java:1142)
at java.util.concurrent.ThreadPoolExecutor$Worker.run(ThreadPoolExecutor.java:617)
at java.lang.Thread.run(Thread.java:744)
... Removed 22 stack frames]]>
    </failure>
  </testcase> <!-- invalidLogin -->
  <testcase name="validloginlogout" time="8.247" classname="regressionTestScripts.ValidLoginLogout"/>
  <testcase name="@BeforeSuite setUp" time="0.0" classname="generic.Generic_Test">
    <ignored/>
  </testcase> <!-- @BeforeSuite setUp -->
  <testcase name="@BeforeSuite setUp" time="0.0" classname="generic.Generic_Test">
    <ignored/>
  </testcase> <!-- @BeforeSuite setUp -->
  <testcase name="@AfterSuite tearDown" time="0.0" classname="generic.Generic_Test">
    <ignored/>
  </testcase> <!-- @AfterSuite tearDown -->
  <testcase name="@AfterSuite tearDown" time="0.0" classname="generic.Generic_Test">
    <ignored/>
  </testcase> <!-- @AfterSuite tearDown -->
</testsuite> <!-- Test_chrome -->
