<?xml version="1.0" encoding="UTF-8"?>
<testng-results skipped="0" failed="2" ignored="8" total="14" passed="4">
  <reporter-output>
    <line>
      <![CDATA[Element found]]>
    </line>
    <line>
      <![CDATA[Element found]]>
    </line>
    <line>
      <![CDATA[Element found]]>
    </line>
    <line>
      <![CDATA[Element found]]>
    </line>
    <line>
      <![CDATA[Element found]]>
    </line>
    <line>
      <![CDATA[title not displayed]]>
    </line>
    <line>
      <![CDATA[Element found]]>
    </line>
    <line>
      <![CDATA[title not displayed]]>
    </line>
    <line>
      <![CDATA[title displayed]]>
    </line>
    <line>
      <![CDATA[title displayed]]>
    </line>
    <line>
      <![CDATA[title displayed]]>
    </line>
    <line>
      <![CDATA[title displayed]]>
    </line>
  </reporter-output>
  <suite name="Suite" duration-ms="79786" started-at="2020-04-09T10:47:32 IST" finished-at="2020-04-09T10:48:52 IST">
    <groups>
    </groups>
    <test name="Test_chrome" duration-ms="59311" started-at="2020-04-09T10:47:32 IST" finished-at="2020-04-09T10:48:31 IST">
      <class name="regressionTestScripts.ValidLoginLogout">
        <test-method status="PASS" signature="openAppn(java.lang.String)[pri:0, instance:regressionTestScripts.ValidLoginLogout@4eb7f003]" name="openAppn" is-config="true" duration-ms="8350" started-at="2020-04-09T10:48:13 IST" finished-at="2020-04-09T10:48:22 IST">
          <params>
            <param index="0">
              <value>
                <![CDATA[chrome]]>
              </value>
            </param>
          </params>
          <reporter-output>
          </reporter-output>
        </test-method> <!-- openAppn -->
        <test-method status="PASS" signature="validloginlogout()[pri:0, instance:regressionTestScripts.ValidLoginLogout@4eb7f003]" name="validloginlogout" duration-ms="8247" started-at="2020-04-09T10:48:22 IST" finished-at="2020-04-09T10:48:30 IST">
          <reporter-output>
            <line>
              <![CDATA[title displayed]]>
            </line>
            <line>
              <![CDATA[title displayed]]>
            </line>
          </reporter-output>
        </test-method> <!-- validloginlogout -->
        <test-method status="PASS" signature="closeAppn(org.testng.ITestResult)[pri:0, instance:regressionTestScripts.ValidLoginLogout@4eb7f003]" name="closeAppn" is-config="true" duration-ms="1433" started-at="2020-04-09T10:48:30 IST" finished-at="2020-04-09T10:48:31 IST">
          <params>
            <param index="0">
              <value>
                <![CDATA[[TestResult name=validloginlogout status=SUCCESS method=ValidLoginLogout.validloginlogout()[pri:0, instance:regressionTestScripts.ValidLoginLogout@4eb7f003] output=title displayed]]]>
              </value>
            </param>
          </params>
          <reporter-output>
          </reporter-output>
        </test-method> <!-- closeAppn -->
      </class> <!-- regressionTestScripts.ValidLoginLogout -->
      <class name="regressionTestScripts.VerifyActitimeVersion">
        <test-method status="PASS" signature="openAppn(java.lang.String)[pri:0, instance:regressionTestScripts.VerifyActitimeVersion@6121c9d6]" name="openAppn" is-config="true" duration-ms="7331" started-at="2020-04-09T10:47:32 IST" finished-at="2020-04-09T10:47:39 IST">
          <params>
            <param index="0">
              <value>
                <![CDATA[chrome]]>
              </value>
            </param>
          </params>
          <reporter-output>
          </reporter-output>
        </test-method> <!-- openAppn -->
        <test-method status="PASS" signature="verifyVersion()[pri:0, instance:regressionTestScripts.VerifyActitimeVersion@6121c9d6]" name="verifyVersion" duration-ms="16762" started-at="2020-04-09T10:47:39 IST" finished-at="2020-04-09T10:47:56 IST">
          <reporter-output>
            <line>
              <![CDATA[Element found]]>
            </line>
            <line>
              <![CDATA[Element found]]>
            </line>
          </reporter-output>
        </test-method> <!-- verifyVersion -->
        <test-method status="PASS" signature="closeAppn(org.testng.ITestResult)[pri:0, instance:regressionTestScripts.VerifyActitimeVersion@6121c9d6]" name="closeAppn" is-config="true" duration-ms="1050" started-at="2020-04-09T10:47:56 IST" finished-at="2020-04-09T10:47:57 IST">
          <params>
            <param index="0">
              <value>
                <![CDATA[[TestResult name=verifyVersion status=SUCCESS method=VerifyActitimeVersion.verifyVersion()[pri:0, instance:regressionTestScripts.VerifyActitimeVersion@6121c9d6] output=Element found]]]>
              </value>
            </param>
          </params>
          <reporter-output>
          </reporter-output>
        </test-method> <!-- closeAppn -->
      </class> <!-- regressionTestScripts.VerifyActitimeVersion -->
      <class name="regressionTestScripts.InvalidLogin">
        <test-method status="PASS" signature="openAppn(java.lang.String)[pri:0, instance:regressionTestScripts.InvalidLogin@87f383f]" name="openAppn" is-config="true" duration-ms="8564" started-at="2020-04-09T10:47:57 IST" finished-at="2020-04-09T10:48:06 IST">
          <params>
            <param index="0">
              <value>
                <![CDATA[chrome]]>
              </value>
            </param>
          </params>
          <reporter-output>
          </reporter-output>
        </test-method> <!-- openAppn -->
        <test-method status="FAIL" signature="invalidLogin()[pri:0, instance:regressionTestScripts.InvalidLogin@87f383f]" name="invalidLogin" duration-ms="5781" started-at="2020-04-09T10:48:06 IST" finished-at="2020-04-09T10:48:12 IST">
          <exception class="java.lang.AssertionError">
            <message>
              <![CDATA[null]]>
            </message>
            <full-stacktrace>
              <![CDATA[java.lang.AssertionError: null
at org.testng.Assert.fail(Assert.java:97)
at org.testng.Assert.fail(Assert.java:102)
at generic.Base_Page.verifyTitle(Base_Page.java:33)
at regressionTestScripts.InvalidLogin.invalidLogin(InvalidLogin.java:31)
at sun.reflect.NativeMethodAccessorImpl.invoke0(Native Method)
at sun.reflect.NativeMethodAccessorImpl.invoke(NativeMethodAccessorImpl.java:62)
at sun.reflect.DelegatingMethodAccessorImpl.invoke(DelegatingMethodAccessorImpl.java:43)
at java.lang.reflect.Method.invoke(Method.java:483)
at org.testng.internal.MethodInvocationHelper.invokeMethod(MethodInvocationHelper.java:134)
at org.testng.internal.TestInvoker.invokeMethod(TestInvoker.java:597)
at org.testng.internal.TestInvoker.invokeTestMethod(TestInvoker.java:173)
at org.testng.internal.MethodRunner.runInSequence(MethodRunner.java:46)
at org.testng.internal.TestInvoker$MethodInvocationAgent.invoke(TestInvoker.java:816)
at org.testng.internal.TestInvoker.invokeTestMethods(TestInvoker.java:146)
at org.testng.internal.TestMethodWorker.invokeTestMethods(TestMethodWorker.java:146)
at org.testng.internal.TestMethodWorker.run(TestMethodWorker.java:128)
at org.testng.TestRunner$$Lambda$61/1922008225.accept(Unknown Source)
at java.util.ArrayList.forEach(ArrayList.java:1234)
at org.testng.TestRunner.privateRun(TestRunner.java:766)
at org.testng.TestRunner.run(TestRunner.java:587)
at org.testng.SuiteRunner.runTest(SuiteRunner.java:384)
at org.testng.SuiteRunner.access$000(SuiteRunner.java:28)
at org.testng.SuiteRunner$SuiteWorker.run(SuiteRunner.java:425)
at org.testng.internal.thread.ThreadUtil.lambda$execute$0(ThreadUtil.java:68)
at org.testng.internal.thread.ThreadUtil$$Lambda$49/240166646.call(Unknown Source)
at java.util.concurrent.FutureTask.run(FutureTask.java:266)
at java.util.concurrent.ThreadPoolExecutor.runWorker(ThreadPoolExecutor.java:1142)
at java.util.concurrent.ThreadPoolExecutor$Worker.run(ThreadPoolExecutor.java:617)
at java.lang.Thread.run(Thread.java:744)
]]>
            </full-stacktrace>
          </exception> <!-- java.lang.AssertionError -->
          <reporter-output>
            <line>
              <![CDATA[Element found]]>
            </line>
            <line>
              <![CDATA[title not displayed]]>
            </line>
          </reporter-output>
        </test-method> <!-- invalidLogin -->
        <test-method status="PASS" signature="closeAppn(org.testng.ITestResult)[pri:0, instance:regressionTestScripts.InvalidLogin@87f383f]" name="closeAppn" is-config="true" duration-ms="1700" started-at="2020-04-09T10:48:12 IST" finished-at="2020-04-09T10:48:13 IST">
          <params>
            <param index="0">
              <value>
                <![CDATA[[TestResult name=invalidLogin status=FAILURE method=InvalidLogin.invalidLogin()[pri:0, instance:regressionTestScripts.InvalidLogin@87f383f] output=Element found]]]>
              </value>
            </param>
          </params>
          <reporter-output>
          </reporter-output>
        </test-method> <!-- closeAppn -->
      </class> <!-- regressionTestScripts.InvalidLogin -->
    </test> <!-- Test_chrome -->
    <test name="Test_firefox" duration-ms="79786" started-at="2020-04-09T10:47:32 IST" finished-at="2020-04-09T10:48:52 IST">
      <class name="regressionTestScripts.ValidLoginLogout">
        <test-method status="PASS" signature="openAppn(java.lang.String)[pri:0, instance:regressionTestScripts.ValidLoginLogout@51c8530f]" name="openAppn" is-config="true" duration-ms="10509" started-at="2020-04-09T10:48:31 IST" finished-at="2020-04-09T10:48:42 IST">
          <params>
            <param index="0">
              <value>
                <![CDATA[firefox]]>
              </value>
            </param>
          </params>
          <reporter-output>
          </reporter-output>
        </test-method> <!-- openAppn -->
        <test-method status="PASS" signature="validloginlogout()[pri:0, instance:regressionTestScripts.ValidLoginLogout@51c8530f]" name="validloginlogout" duration-ms="2703" started-at="2020-04-09T10:48:42 IST" finished-at="2020-04-09T10:48:44 IST">
          <reporter-output>
            <line>
              <![CDATA[title displayed]]>
            </line>
            <line>
              <![CDATA[title displayed]]>
            </line>
          </reporter-output>
        </test-method> <!-- validloginlogout -->
        <test-method status="PASS" signature="closeAppn(org.testng.ITestResult)[pri:0, instance:regressionTestScripts.ValidLoginLogout@51c8530f]" name="closeAppn" is-config="true" duration-ms="7565" started-at="2020-04-09T10:48:44 IST" finished-at="2020-04-09T10:48:52 IST">
          <params>
            <param index="0">
              <value>
                <![CDATA[[TestResult name=validloginlogout status=SUCCESS method=ValidLoginLogout.validloginlogout()[pri:0, instance:regressionTestScripts.ValidLoginLogout@51c8530f] output=title displayed]]]>
              </value>
            </param>
          </params>
          <reporter-output>
          </reporter-output>
        </test-method> <!-- closeAppn -->
      </class> <!-- regressionTestScripts.ValidLoginLogout -->
      <class name="regressionTestScripts.VerifyActitimeVersion">
        <test-method status="PASS" signature="setUp()[pri:0, instance:regressionTestScripts.VerifyActitimeVersion@543c6f6d]" name="setUp" is-config="true" duration-ms="292" started-at="2020-04-09T10:47:32 IST" finished-at="2020-04-09T10:47:32 IST">
          <reporter-output>
          </reporter-output>
        </test-method> <!-- setUp -->
        <test-method status="PASS" signature="openAppn(java.lang.String)[pri:0, instance:regressionTestScripts.VerifyActitimeVersion@543c6f6d]" name="openAppn" is-config="true" duration-ms="16353" started-at="2020-04-09T10:47:32 IST" finished-at="2020-04-09T10:47:48 IST">
          <params>
            <param index="0">
              <value>
                <![CDATA[firefox]]>
              </value>
            </param>
          </params>
          <reporter-output>
          </reporter-output>
        </test-method> <!-- openAppn -->
        <test-method status="PASS" signature="verifyVersion()[pri:0, instance:regressionTestScripts.VerifyActitimeVersion@543c6f6d]" name="verifyVersion" duration-ms="5170" started-at="2020-04-09T10:47:48 IST" finished-at="2020-04-09T10:47:54 IST">
          <reporter-output>
            <line>
              <![CDATA[Element found]]>
            </line>
            <line>
              <![CDATA[Element found]]>
            </line>
          </reporter-output>
        </test-method> <!-- verifyVersion -->
        <test-method status="PASS" signature="closeAppn(org.testng.ITestResult)[pri:0, instance:regressionTestScripts.VerifyActitimeVersion@543c6f6d]" name="closeAppn" is-config="true" duration-ms="6490" started-at="2020-04-09T10:47:54 IST" finished-at="2020-04-09T10:48:00 IST">
          <params>
            <param index="0">
              <value>
                <![CDATA[[TestResult name=verifyVersion status=SUCCESS method=VerifyActitimeVersion.verifyVersion()[pri:0, instance:regressionTestScripts.VerifyActitimeVersion@543c6f6d] output=Element found]]]>
              </value>
            </param>
          </params>
          <reporter-output>
          </reporter-output>
        </test-method> <!-- closeAppn -->
        <test-method status="PASS" signature="tearDown()[pri:0, instance:regressionTestScripts.VerifyActitimeVersion@543c6f6d]" name="tearDown" is-config="true" duration-ms="496" started-at="2020-04-09T10:48:52 IST" finished-at="2020-04-09T10:48:52 IST">
          <reporter-output>
          </reporter-output>
        </test-method> <!-- tearDown -->
      </class> <!-- regressionTestScripts.VerifyActitimeVersion -->
      <class name="regressionTestScripts.InvalidLogin">
        <test-method status="PASS" signature="openAppn(java.lang.String)[pri:0, instance:regressionTestScripts.InvalidLogin@13eb8acf]" name="openAppn" is-config="true" duration-ms="15401" started-at="2020-04-09T10:48:00 IST" finished-at="2020-04-09T10:48:16 IST">
          <params>
            <param index="0">
              <value>
                <![CDATA[firefox]]>
              </value>
            </param>
          </params>
          <reporter-output>
          </reporter-output>
        </test-method> <!-- openAppn -->
        <test-method status="FAIL" signature="invalidLogin()[pri:0, instance:regressionTestScripts.InvalidLogin@13eb8acf]" name="invalidLogin" duration-ms="6238" started-at="2020-04-09T10:48:16 IST" finished-at="2020-04-09T10:48:22 IST">
          <exception class="java.lang.AssertionError">
            <message>
              <![CDATA[null]]>
            </message>
            <full-stacktrace>
              <![CDATA[java.lang.AssertionError: null
at org.testng.Assert.fail(Assert.java:97)
at org.testng.Assert.fail(Assert.java:102)
at generic.Base_Page.verifyTitle(Base_Page.java:33)
at regressionTestScripts.InvalidLogin.invalidLogin(InvalidLogin.java:31)
at sun.reflect.NativeMethodAccessorImpl.invoke0(Native Method)
at sun.reflect.NativeMethodAccessorImpl.invoke(NativeMethodAccessorImpl.java:62)
at sun.reflect.DelegatingMethodAccessorImpl.invoke(DelegatingMethodAccessorImpl.java:43)
at java.lang.reflect.Method.invoke(Method.java:483)
at org.testng.internal.MethodInvocationHelper.invokeMethod(MethodInvocationHelper.java:134)
at org.testng.internal.TestInvoker.invokeMethod(TestInvoker.java:597)
at org.testng.internal.TestInvoker.invokeTestMethod(TestInvoker.java:173)
at org.testng.internal.MethodRunner.runInSequence(MethodRunner.java:46)
at org.testng.internal.TestInvoker$MethodInvocationAgent.invoke(TestInvoker.java:816)
at org.testng.internal.TestInvoker.invokeTestMethods(TestInvoker.java:146)
at org.testng.internal.TestMethodWorker.invokeTestMethods(TestMethodWorker.java:146)
at org.testng.internal.TestMethodWorker.run(TestMethodWorker.java:128)
at org.testng.TestRunner$$Lambda$61/1922008225.accept(Unknown Source)
at java.util.ArrayList.forEach(ArrayList.java:1234)
at org.testng.TestRunner.privateRun(TestRunner.java:766)
at org.testng.TestRunner.run(TestRunner.java:587)
at org.testng.SuiteRunner.runTest(SuiteRunner.java:384)
at org.testng.SuiteRunner.access$000(SuiteRunner.java:28)
at org.testng.SuiteRunner$SuiteWorker.run(SuiteRunner.java:425)
at org.testng.internal.thread.ThreadUtil.lambda$execute$0(ThreadUtil.java:68)
at org.testng.internal.thread.ThreadUtil$$Lambda$49/240166646.call(Unknown Source)
at java.util.concurrent.FutureTask.run(FutureTask.java:266)
at java.util.concurrent.ThreadPoolExecutor.runWorker(ThreadPoolExecutor.java:1142)
at java.util.concurrent.ThreadPoolExecutor$Worker.run(ThreadPoolExecutor.java:617)
at java.lang.Thread.run(Thread.java:744)
]]>
            </full-stacktrace>
          </exception> <!-- java.lang.AssertionError -->
          <reporter-output>
            <line>
              <![CDATA[Element found]]>
            </line>
            <line>
              <![CDATA[title not displayed]]>
            </line>
          </reporter-output>
        </test-method> <!-- invalidLogin -->
        <test-method status="PASS" signature="closeAppn(org.testng.ITestResult)[pri:0, instance:regressionTestScripts.InvalidLogin@13eb8acf]" name="closeAppn" is-config="true" duration-ms="9271" started-at="2020-04-09T10:48:22 IST" finished-at="2020-04-09T10:48:31 IST">
          <params>
            <param index="0">
              <value>
                <![CDATA[[TestResult name=invalidLogin status=FAILURE method=InvalidLogin.invalidLogin()[pri:0, instance:regressionTestScripts.InvalidLogin@13eb8acf] output=Element found]]]>
              </value>
            </param>
          </params>
          <reporter-output>
          </reporter-output>
        </test-method> <!-- closeAppn -->
      </class> <!-- regressionTestScripts.InvalidLogin -->
    </test> <!-- Test_firefox -->
  </suite> <!-- Suite -->
</testng-results>
